2025/11/04 14:41:14 [notice] 35036#18984: signal process started
2025/11/04 14:41:14 [error] 35036#18984: CreateFile() "C:\Jarvis\22_nginx\nginx/logs/nginx.pid" failed (2: The system cannot find the file specified)
2025/11/04 14:41:18 [emerg] 19840#26012: CreateFile() "C:\Jarvis\22_nginx\conf\mime.types" failed (2: The system cannot find the file specified) in C:\Jarvis\22_nginx\conf\nginx.conf:21
2025/11/04 14:41:28 [emerg] 10516#28700: CreateFile() "C:\Jarvis\22_nginx\conf\mime.types" failed (2: The system cannot find the file specified) in C:\Jarvis\22_nginx\conf\nginx.conf:21
2025/11/04 14:41:36 [emerg] 32904#36500: CreateFile() "C:\Jarvis\22_nginx\conf\mime.types" failed (2: The system cannot find the file specified) in C:\Jarvis\22_nginx\conf\nginx.conf:21
2025/11/04 14:56:44 [emerg] 24888#29868: CreateFile() "C:\Jarvis\22_nginx\conf\mime.types" failed (2: The system cannot find the file specified) in C:\Jarvis\22_nginx\conf\nginx.conf:21
2025/11/04 14:58:05 [emerg] 32776#18224: CreateFile() "C:\Jarvis\22_nginx\conf\mime.types" failed (2: The system cannot find the file specified) in C:\Jarvis\22_nginx\conf\nginx.conf:21
2025/11/04 15:03:24 [emerg] 7520#31036: CreateFile() "C:\Jarvis\22_nginx\conf\mime.types" failed (2: The system cannot find the file specified) in C:\Jarvis\22_nginx\conf\nginx.conf:21
2025/11/04 15:03:36 [emerg] 12000#25608: CreateFile() "C:\Jarvis\22_nginx\conf\mime.types" failed (2: The system cannot find the file specified) in C:\Jarvis\22_nginx\conf\nginx.conf:21
2025/11/04 15:11:17 [emerg] 36548#26304: CreateFile() "C:\Jarvis\22_nginx\conf\mime.types" failed (2: The system cannot find the file specified) in C:\Jarvis\22_nginx\conf\nginx.conf:21
2025/11/04 15:11:32 [emerg] 30332#35980: CreateFile() "C:\Jarvis\22_nginx\conf\mime.types" failed (2: The system cannot find the file specified) in C:\Jarvis\22_nginx\conf\nginx.conf:21
2025/11/04 15:12:45 [emerg] 32624#33268: CreateFile() "C:\Jarvis\22_nginx\conf\mime.types" failed (2: The system cannot find the file specified) in C:\Jarvis\22_nginx\conf\nginx.conf:21
2025/11/04 15:37:33 [notice] 2868#25448: signal process started
2025/11/04 15:37:33 [error] 2868#25448: CreateFile() "C:\Jarvis\22_nginx\nginx/logs/nginx.pid" failed (2: The system cannot find the file specified)
2025/11/04 15:38:44 [notice] 28216#36356: signal process started
2025/11/04 15:38:44 [error] 28216#36356: CreateFile() "C:\Jarvis\22_nginx\nginx/logs/nginx.pid" failed (2: The system cannot find the file specified)
2025/11/04 15:39:00 [notice] 20500#37648: signal process started
2025/11/04 15:39:00 [error] 20500#37648: CreateFile() "C:\Jarvis\22_nginx\nginx/logs/nginx.pid" failed (2: The system cannot find the file specified)
2025/11/04 15:47:21 [notice] 30976#25728: signal process started
2025/11/04 15:47:21 [error] 30976#25728: CreateFile() "C:\Jarvis\22_nginx\nginx/logs/nginx.pid" failed (2: The system cannot find the file specified)
2025/11/04 15:48:44 [notice] 35916#37596: signal process started
2025/11/04 15:48:44 [error] 35916#37596: CreateFile() "C:\Jarvis\22_nginx\nginx/logs/nginx.pid" failed (2: The system cannot find the file specified)
2025/11/04 15:51:55 [notice] 37516#21148: signal process started
2025/11/04 15:51:55 [error] 37516#21148: CreateFile() "C:\Jarvis\22_nginx\nginx/logs/nginx.pid" failed (2: The system cannot find the file specified)
2025/11/04 15:53:54 [notice] 25396#34248: signal process started
2025/11/04 15:53:54 [error] 25396#34248: CreateFile() "C:\Jarvis\22_nginx\nginx/logs/nginx.pid" failed (2: The system cannot find the file specified)
2025/11/04 15:54:26 [notice] 17080#35848: signal process started
2025/11/04 15:54:26 [error] 17080#35848: CreateFile() "C:\Jarvis\22_nginx\nginx/logs/nginx.pid" failed (2: The system cannot find the file specified)
2025/11/04 15:54:35 [notice] 23588#37452: signal process started
2025/11/04 15:54:35 [error] 23588#37452: CreateFile() "C:\Jarvis\22_nginx\nginx/logs/nginx.pid" failed (2: The system cannot find the file specified)
2025/11/04 15:54:44 [notice] 36100#27392: signal process started
2025/11/04 15:54:44 [error] 36100#27392: CreateFile() "C:\Jarvis\22_nginx\nginx/logs/nginx.pid" failed (2: The system cannot find the file specified)
2025/11/04 15:58:10 [emerg] 35952#9776: unknown directive "﻿#" in C:\Jarvis\22_nginx\conf\../conf.d/cm.re.conf:6
2025/11/04 15:58:32 [notice] 34028#37380: signal process started
2025/11/04 15:58:32 [error] 34028#37380: CreateFile() "C:\Jarvis\22_nginx\nginx/logs/nginx.pid" failed (2: The system cannot find the file specified)
2025/11/04 16:00:03 [notice] 35232#31176: signal process started
2025/11/04 16:00:03 [error] 35232#31176: CreateFile() "C:\Jarvis\22_nginx\nginx/logs/nginx.pid" failed (2: The system cannot find the file specified)
2025/11/04 16:03:28 [notice] 16092#37600: signal process started
2025/11/04 16:03:28 [error] 16092#37600: CreateFile() "C:\Jarvis\22_nginx\nginx/logs/nginx.pid" failed (2: The system cannot find the file specified)
2025/11/04 16:04:24 [notice] 244#1144: signal process started
2025/11/04 16:04:24 [error] 244#1144: CreateFile() "C:\Jarvis\22_nginx\nginx/logs/nginx.pid" failed (2: The system cannot find the file specified)
2025/11/05 09:29:11 [notice] 17644#5064: signal process started
2025/11/05 09:29:11 [error] 17644#5064: CreateFile() "C:\Jarvis\22_nginx\nginx/logs/nginx.pid" failed (2: The system cannot find the file specified)
2025/11/05 09:29:13 [notice] 21836#12616: signal process started
2025/11/05 09:29:13 [error] 21836#12616: CreateFile() "C:\Jarvis\22_nginx\nginx/logs/nginx.pid" failed (2: The system cannot find the file specified)
2025/11/07 09:57:04 [notice] 5912#27148: signal process started
2025/11/07 09:57:04 [error] 5912#27148: CreateFile() "C:\Jarvis\22_nginx\nginx/logs/nginx.pid" failed (2: The system cannot find the file specified)
2025/11/07 09:58:26 [notice] 6044#28460: signal process started
2025/11/07 09:58:26 [error] 6044#28460: CreateFile() "C:\Jarvis\22_nginx\nginx/logs/nginx.pid" failed (2: The system cannot find the file specified)
2025/11/07 10:32:23 [notice] 2484#15656: signal process started
2025/11/07 10:32:23 [error] 2484#15656: CreateFile() "C:\Jarvis\22_nginx\nginx/logs/nginx.pid" failed (2: The system cannot find the file specified)
2025/11/07 10:32:37 [notice] 22540#4556: signal process started
2025/11/07 10:32:37 [error] 22540#4556: CreateFile() "C:\Jarvis\22_nginx\nginx/logs/nginx.pid" failed (2: The system cannot find the file specified)
2025/11/07 10:35:25 [notice] 14112#5832: signal process started
2025/11/07 10:35:25 [error] 14112#5832: CreateFile() "C:\Jarvis\22_nginx\nginx/logs/nginx.pid" failed (2: The system cannot find the file specified)
2025/11/07 10:53:45 [notice] 27480#22704: signal process started
2025/11/07 10:53:45 [error] 27480#22704: CreateFile() "C:\Jarvis\22_nginx\nginx/logs/nginx.pid" failed (2: The system cannot find the file specified)
2025/11/07 10:54:31 [notice] 26652#488: signal process started
2025/11/07 10:54:31 [error] 26652#488: CreateFile() "C:\Jarvis\22_nginx\nginx/logs/nginx.pid" failed (2: The system cannot find the file specified)
2025/11/07 10:54:51 [notice] 3740#7992: signal process started
2025/11/07 10:54:51 [error] 3740#7992: CreateFile() "C:\Jarvis\22_nginx\nginx/logs/nginx.pid" failed (2: The system cannot find the file specified)
2025/11/07 11:01:21 [notice] 23864#26408: signal process started
2025/11/07 11:01:21 [error] 23864#26408: CreateFile() "C:\Jarvis\22_nginx\nginx/logs/nginx.pid" failed (2: The system cannot find the file specified)
2025/11/07 11:02:02 [notice] 26704#24816: signal process started
2025/11/07 11:02:02 [error] 26704#24816: CreateFile() "C:\Jarvis\22_nginx\nginx/logs/nginx.pid" failed (2: The system cannot find the file specified)
2025/11/07 11:02:15 [notice] 25544#26120: signal process started
2025/11/07 11:02:15 [error] 25544#26120: CreateFile() "C:\Jarvis\22_nginx\nginx/logs/nginx.pid" failed (2: The system cannot find the file specified)
2025/11/07 11:12:38 [notice] 26272#27316: signal process started
2025/11/07 11:12:38 [error] 26272#27316: CreateFile() "C:\Jarvis\22_nginx\nginx/logs/nginx.pid" failed (2: The system cannot find the file specified)
2025/11/07 11:13:59 [notice] 8264#16312: signal process started
2025/11/07 11:13:59 [error] 8264#16312: CreateFile() "C:\Jarvis\22_nginx\nginx/logs/nginx.pid" failed (2: The system cannot find the file specified)
2025/11/07 11:21:56 [notice] 27684#22156: signal process started
2025/11/07 11:21:56 [error] 27684#22156: CreateFile() "C:\Jarvis\22_nginx\nginx/logs/nginx.pid" failed (2: The system cannot find the file specified)
2025/11/07 11:22:10 [notice] 2352#28476: signal process started
2025/11/07 11:22:10 [error] 2352#28476: CreateFile() "C:\Jarvis\22_nginx\nginx/logs/nginx.pid" failed (2: The system cannot find the file specified)
2025/11/07 13:49:10 [notice] 5572#21364: signal process started
2025/11/07 13:49:10 [error] 5572#21364: CreateFile() "C:\Jarvis\22_nginx\nginx/logs/nginx.pid" failed (2: The system cannot find the file specified)
2025/11/07 13:58:41 [notice] 30644#29412: signal process started
2025/11/07 13:58:41 [error] 30644#29412: CreateFile() "C:\Jarvis\22_nginx\nginx/logs/nginx.pid" failed (2: The system cannot find the file specified)
2025/11/13 10:05:14 [notice] 11068#3172: signal process started
2025/11/13 10:05:14 [error] 11068#3172: CreateFile() "C:\Jarvis\22_nginx\nginx/logs/nginx.pid" failed (2: The system cannot find the file specified)
2025/11/13 10:05:16 [notice] 13152#1624: signal process started
2025/11/13 10:05:16 [error] 13152#1624: CreateFile() "C:\Jarvis\22_nginx\nginx/logs/nginx.pid" failed (2: The system cannot find the file specified)
2025/11/13 10:07:46 [notice] 16040#29008: signal process started
2025/11/13 10:07:46 [error] 16040#29008: CreateFile() "C:\Jarvis\22_nginx\nginx/logs/nginx.pid" failed (2: The system cannot find the file specified)
2025/11/13 10:07:48 [notice] 25468#19568: signal process started
2025/11/13 10:07:48 [error] 25468#19568: CreateFile() "C:\Jarvis\22_nginx\nginx/logs/nginx.pid" failed (2: The system cannot find the file specified)
2025/11/13 10:08:02 [notice] 3764#20540: signal process started
2025/11/13 10:08:02 [error] 3764#20540: CreateFile() "C:\Jarvis\22_nginx\nginx/logs/nginx.pid" failed (2: The system cannot find the file specified)
2025/11/13 10:08:06 [notice] 2908#448: signal process started
2025/11/13 10:08:06 [error] 2908#448: CreateFile() "C:\Jarvis\22_nginx\nginx/logs/nginx.pid" failed (2: The system cannot find the file specified)
2025/11/14 09:54:01 [notice] 9492#23264: signal process started
2025/11/14 09:54:01 [error] 9492#23264: CreateFile() "C:\Jarvis\22_nginx\nginx/logs/nginx.pid" failed (2: The system cannot find the file specified)
2025/11/14 09:55:23 [notice] 16408#25156: signal process started
2025/11/14 09:55:23 [error] 16408#25156: CreateFile() "C:\Jarvis\22_nginx\nginx/logs/nginx.pid" failed (2: The system cannot find the file specified)
2025/11/17 09:45:12 [notice] 19768#27560: signal process started
2025/11/17 09:45:12 [error] 19768#27560: CreateFile() "C:\Jarvis\22_nginx\nginx/logs/nginx.pid" failed (2: The system cannot find the file specified)
2025/11/17 09:45:47 [notice] 26928#19776: signal process started
2025/11/17 09:45:47 [error] 26928#19776: CreateFile() "C:\Jarvis\22_nginx\nginx/logs/nginx.pid" failed (2: The system cannot find the file specified)
2025/11/17 11:38:38 [notice] 25216#26492: signal process started
2025/11/17 11:38:38 [error] 25216#26492: CreateFile() "C:\Jarvis\22_nginx\nginx/logs/nginx.pid" failed (2: The system cannot find the file specified)
2025/11/17 11:38:39 [notice] 21608#30824: signal process started
2025/11/17 11:38:39 [error] 21608#30824: CreateFile() "C:\Jarvis\22_nginx\nginx/logs/nginx.pid" failed (2: The system cannot find the file specified)
2025/11/17 14:15:26 [notice] 8668#35228: signal process started
2025/11/17 14:15:26 [error] 8668#35228: CreateFile() "C:\Jarvis\22_nginx\nginx/logs/nginx.pid" failed (2: The system cannot find the file specified)
2025/11/17 14:17:24 [notice] 37016#17640: signal process started
2025/11/17 14:17:24 [error] 37016#17640: CreateFile() "C:\Jarvis\22_nginx\nginx/logs/nginx.pid" failed (2: The system cannot find the file specified)
2025/11/18 09:53:23 [notice] 25400#1852: signal process started
2025/11/18 09:53:23 [error] 25400#1852: CreateFile() "C:\Jarvis\22_nginx\nginx/logs/nginx.pid" failed (2: The system cannot find the file specified)
2025/11/25 15:01:38 [notice] 15268#9928: signal process started
2025/11/25 15:01:38 [error] 15268#9928: CreateFile() "C:\Jarvis\22_nginx\nginx/logs/nginx.pid" failed (2: The system cannot find the file specified)
2025/11/25 16:47:20 [notice] 6544#17080: signal process started
2025/11/25 16:47:20 [error] 6544#17080: CreateFile() "C:\Jarvis\22_nginx\nginx/logs/nginx.pid" failed (2: The system cannot find the file specified)
2025/11/26 09:18:24 [notice] 10904#16368: signal process started
2025/11/26 09:18:24 [error] 10904#16368: CreateFile() "C:\Jarvis\22_nginx\nginx/logs/nginx.pid" failed (2: The system cannot find the file specified)
2025/11/26 10:48:12 [notice] 27852#23784: signal process started
2025/11/26 10:48:12 [error] 27852#23784: CreateFile() "C:\Jarvis\22_nginx\nginx/logs/nginx.pid" failed (2: The system cannot find the file specified)
2025/11/26 14:02:15 [notice] 6384#11120: signal process started
2025/11/26 14:02:15 [error] 6384#11120: CreateFile() "C:\Jarvis\22_nginx\nginx/logs/nginx.pid" failed (2: The system cannot find the file specified)
2025/11/27 16:55:34 [notice] 38196#15072: signal process started
2025/11/27 16:55:34 [error] 38196#15072: CreateFile() "C:\Jarvis\22_nginx\nginx/logs/nginx.pid" failed (2: The system cannot find the file specified)
2025/11/28 09:23:50 [notice] 10624#5488: signal process started
2025/11/28 09:23:50 [error] 10624#5488: CreateFile() "C:\Jarvis\22_nginx\nginx/logs/nginx.pid" failed (2: The system cannot find the file specified)
2025/11/28 09:25:37 [notice] 18232#21952: signal process started
2025/11/28 09:25:37 [error] 18232#21952: CreateFile() "C:\Jarvis\22_nginx\nginx/logs/nginx.pid" failed (2: The system cannot find the file specified)
2025/12/01 09:19:32 [notice] 16016#13500: signal process started
2025/12/01 09:19:32 [error] 16016#13500: CreateFile() "C:\Jarvis\22_nginx\nginx/logs/nginx.pid" failed (2: The system cannot find the file specified)
2025/12/01 15:24:50 [notice] 28640#21720: signal process started
2025/12/01 15:24:50 [error] 28640#21720: CreateFile() "C:\Jarvis\22_nginx\nginx/logs/nginx.pid" failed (2: The system cannot find the file specified)
2025/12/02 09:37:50 [notice] 11508#22792: signal process started
2025/12/02 09:37:50 [error] 11508#22792: CreateFile() "C:\Jarvis\22_nginx\nginx/logs/nginx.pid" failed (2: The system cannot find the file specified)
2025/12/02 13:36:13 [notice] 7120#24252: signal process started
2025/12/02 13:36:13 [error] 7120#24252: CreateFile() "C:\Jarvis\22_nginx\nginx/logs/nginx.pid" failed (2: The system cannot find the file specified)
2025/12/03 13:56:46 [notice] 29568#12872: signal process started
2025/12/03 13:56:46 [error] 29568#12872: CreateFile() "C:\Jarvis\22_nginx\nginx/logs/nginx.pid" failed (2: The system cannot find the file specified)
2025/12/03 14:19:03 [notice] 16016#28576: signal process started
2025/12/03 14:19:03 [error] 16016#28576: CreateFile() "C:\Jarvis\22_nginx\nginx/logs/nginx.pid" failed (2: The system cannot find the file specified)
2025/12/03 14:36:58 [emerg] 17372#31336: unknown directive "﻿#" in C:\Jarvis\22_nginx\conf\../conf.d/crm.l.conf:7
2025/12/03 14:37:08 [notice] 9584#30356: signal process started
2025/12/03 14:37:08 [error] 9584#30356: CreateFile() "C:\Jarvis\22_nginx\nginx/logs/nginx.pid" failed (2: The system cannot find the file specified)
2025/12/03 14:40:32 [emerg] 28264#7800: unknown directive "﻿#" in C:\Jarvis\22_nginx\conf\../conf.d/crm.l.conf:7
2025/12/03 14:42:56 [emerg] 31616#15380: unknown directive "﻿#" in C:\Jarvis\22_nginx\conf\../conf.d/crm.l.conf:7
2025/12/03 14:43:01 [notice] 29280#29724: signal process started
2025/12/03 14:43:01 [error] 29280#29724: invalid PID number "" in "C:\Jarvis\22_nginx\nginx/logs/nginx.pid"
2025/12/03 14:46:05 [notice] 8100#31736: signal process started
2025/12/03 14:46:05 [error] 8100#31736: invalid PID number "" in "C:\Jarvis\22_nginx\nginx/logs/nginx.pid"
2025/12/03 14:46:13 [notice] 28324#31404: signal process started
2025/12/03 14:46:13 [error] 28324#31404: invalid PID number "" in "C:\Jarvis\22_nginx\nginx/logs/nginx.pid"
2025/12/03 14:47:26 [emerg] 7488#24668: unknown directive "﻿#" in C:\Jarvis\22_nginx\conf\../conf.d/crm.l.conf:7
2025/12/03 14:47:28 [notice] 1836#23884: signal process started
2025/12/03 14:48:18 [notice] 6692#13104: signal process started
2025/12/03 14:48:21 [emerg] 484#27868: unknown directive "﻿#" in C:\Jarvis\22_nginx\conf\../conf.d/crm.l.conf:7
2025/12/03 14:56:51 [emerg] 24792#30580: unknown directive "﻿#" in C:\Jarvis\22_nginx\conf\../conf.d/crm.l.conf:7
2025/12/03 15:00:43 [emerg] 5200#26412: unknown directive "﻿#" in C:\Jarvis\22_nginx\nginx/..\conf\../conf.d/crm.l.conf:7
2025/12/03 15:02:43 [emerg] 1924#5364: unknown directive "﻿#" in C:\Jarvis\22_nginx\conf\../conf.d/crm.l.conf:7
2025/12/03 15:06:56 [emerg] 29224#10676: unknown directive "﻿#" in C:\Jarvis\22_nginx\conf\../conf.d/cm.l.conf:7
2025/12/03 15:06:57 [notice] 31028#22772: signal process started
2025/12/03 15:06:57 [error] 31028#22772: CreateFile() "C:\Jarvis\22_nginx\nginx/logs/nginx.pid" failed (2: The system cannot find the file specified)
2025/12/03 16:15:52 [notice] 33144#33772: signal process started
2025/12/03 16:15:52 [error] 33144#33772: CreateFile() "C:\Jarvis\22_nginx\nginx/logs/nginx.pid" failed (2: The system cannot find the file specified)
2025/12/04 09:08:39 [notice] 12136#19984: signal process started
2025/12/04 09:08:39 [error] 12136#19984: CreateFile() "C:\Jarvis\22_nginx\nginx/logs/nginx.pid" failed (2: The system cannot find the file specified)
2025/12/04 09:15:56 [notice] 15468#1664: signal process started
2025/12/04 09:15:56 [error] 15468#1664: CreateFile() "C:\Jarvis\22_nginx\nginx/logs/nginx.pid" failed (2: The system cannot find the file specified)
2025/12/04 14:56:06 [notice] 34368#34648: signal process started
2025/12/04 14:56:06 [error] 34368#34648: CreateFile() "C:\Jarvis\22_nginx\nginx/logs/nginx.pid" failed (2: The system cannot find the file specified)
2025/12/04 14:56:09 [emerg] 34684#32784: unknown directive "﻿#" in C:\Jarvis\22_nginx\conf\../conf.d/crm.l.conf:7
2025/12/04 14:58:08 [emerg] 32844#30876: unknown directive "﻿#" in C:\Jarvis\22_nginx\conf\../conf.d/crm.l.conf:7
2025/12/04 14:58:24 [emerg] 28860#36596: unknown directive "﻿#" in C:\Jarvis\22_nginx\conf\../conf.d/crm.l.conf:7
2025/12/04 14:58:29 [emerg] 35216#19616: unknown directive "﻿#" in C:\Jarvis\22_nginx\conf\../conf.d/crm.l.conf:7
2025/12/04 14:58:43 [emerg] 29888#3064: unknown directive "﻿#" in C:\Jarvis\22_nginx\conf\../conf.d/crm.l.conf:7
2025/12/04 14:58:48 [emerg] 12916#34804: unknown directive "﻿#" in C:\Jarvis\22_nginx\conf\../conf.d/crm.l.conf:7
2025/12/04 15:01:00 [emerg] 29708#36664: unknown directive "﻿#" in C:\Jarvis\22_nginx\conf\../conf.d/crm.l.conf:7
2025/12/04 15:01:03 [emerg] 13472#29600: unknown directive "﻿#" in C:\Jarvis\22_nginx\conf\../conf.d/crm.l.conf:7
2025/12/04 15:01:18 [emerg] 31500#34240: unknown directive "﻿#" in C:\Jarvis\22_nginx\conf\../conf.d/crm.l.conf:7
2025/12/04 15:02:28 [emerg] 24380#28228: unknown directive "﻿#" in C:\Jarvis\22_nginx\nginx/..\conf\../conf.d/crm.l.conf:7
2025/12/04 15:02:34 [emerg] 1340#36184: unknown directive "﻿#" in C:\Jarvis\22_nginx\nginx/..\conf\../conf.d/crm.l.conf:7
2025/12/04 15:03:28 [emerg] 28020#27232: unknown directive "﻿#" in C:\Jarvis\22_nginx\conf\../conf.d/crm.l.conf:7
2025/12/04 15:03:32 [emerg] 36508#23528: unknown directive "﻿#" in C:\Jarvis\22_nginx\conf\../conf.d/crm.l.conf:7
2025/12/04 15:03:35 [emerg] 29156#28276: unknown directive "﻿#" in C:\Jarvis\22_nginx\conf\../conf.d/crm.l.conf:7
2025/12/04 15:03:45 [emerg] 36396#35536: unknown directive "﻿#" in C:\Jarvis\22_nginx\conf\../conf.d/crm.l.conf:7
2025/12/04 15:03:55 [emerg] 29088#26508: unknown directive "﻿#" in C:\Jarvis\22_nginx\conf\../conf.d/crm.l.conf:7
2025/12/04 15:04:11 [emerg] 36820#34204: unknown directive "﻿#" in C:\Jarvis\22_nginx\conf\../conf.d/crm.l.conf:7
2025/12/04 15:04:26 [emerg] 20260#29484: unknown directive "﻿#" in C:\Jarvis\22_nginx\nginx/..\conf\../conf.d/crm.l.conf:7
2025/12/04 15:05:35 [emerg] 35940#34488: unknown directive "﻿#" in C:\Jarvis\22_nginx\conf\../conf.d/crm.l.conf:7
2025/12/04 15:05:39 [emerg] 36768#11556: unknown directive "﻿#" in C:\Jarvis\22_nginx\conf\../conf.d/crm.l.conf:7
2025/12/04 15:05:42 [emerg] 35212#36580: unknown directive "﻿#" in C:\Jarvis\22_nginx\conf\../conf.d/crm.l.conf:7
2025/12/04 15:05:46 [emerg] 36588#36400: unknown directive "﻿#" in C:\Jarvis\22_nginx\conf\../conf.d/crm.l.conf:7
2025/12/04 15:05:57 [emerg] 18164#31448: unknown directive "﻿#" in C:\Jarvis\22_nginx\nginx/..\conf\../conf.d/crm.l.conf:7
2025/12/04 15:08:12 [notice] 32856#35048: signal process started
2025/12/04 15:08:12 [error] 32856#35048: CreateFile() "C:\Jarvis\22_nginx\nginx/logs/nginx.pid" failed (2: The system cannot find the file specified)
2025/12/04 15:37:09 [emerg] 35048#22312: unknown directive "﻿#" in C:\Jarvis\22_nginx\conf\../conf.d/crm.l.conf:7
2025/12/04 15:37:11 [notice] 29204#34660: signal process started
2025/12/04 15:37:11 [error] 29204#34660: CreateFile() "C:\Jarvis\22_nginx\nginx/logs/nginx.pid" failed (2: The system cannot find the file specified)
2025/12/04 15:37:13 [notice] 30404#31700: signal process started
2025/12/04 15:37:13 [error] 30404#31700: CreateFile() "C:\Jarvis\22_nginx\nginx/logs/nginx.pid" failed (2: The system cannot find the file specified)
2025/12/04 15:37:16 [emerg] 19284#31948: unknown directive "﻿#" in C:\Jarvis\22_nginx\conf\../conf.d/crm.l.conf:7
2025/12/04 15:37:20 [emerg] 24440#36620: unknown directive "﻿#" in C:\Jarvis\22_nginx\conf\../conf.d/crm.l.conf:7
2025/12/04 15:38:12 [emerg] 37240#8096: unknown directive "﻿#" in C:\Jarvis\22_nginx\nginx/..\conf\../conf.d/crm.l.conf:7
2025/12/04 15:39:56 [notice] 37240#31676: signal process started
2025/12/04 15:39:56 [error] 37240#31676: CreateFile() "C:\Jarvis\22_nginx\nginx/logs/nginx.pid" failed (2: The system cannot find the file specified)
2025/12/04 15:39:57 [notice] 37824#30056: signal process started
2025/12/04 15:39:57 [error] 37824#30056: CreateFile() "C:\Jarvis\22_nginx\nginx/logs/nginx.pid" failed (2: The system cannot find the file specified)
